05:06:24.743 [main] INFO  testCases.LoginPageTest - Title of the page is: STORE
05:06:25.847 [main] INFO  testCases.LoginPageTest - Page Closed
05:12:17.326 [main] DEBUG org.testng.TestNG - suiteXmlPath: "C:\Users\utkarsh\WorkSpace\FreeCrmTest\testng.xml"
05:12:17.345 [main] WARN  org.testng.xml.TestNGContentHandler - It is strongly recommended to add "<!DOCTYPE suite SYSTEM "https://testng.org/testng-1.0.dtd" >" at the top of the suite file [C:\Users\utkarsh\WorkSpace\FreeCrmTest\testng.xml] otherwise TestNG may fail or not work as expected.
05:12:17.561 [main] INFO  org.testng.internal.Utils - [TestNG] Running:
  C:\Users\utkarsh\WorkSpace\FreeCrmTest\testng.xml

05:12:41.020 [main] INFO  testCases.LoginPageTest - Page Opened
05:12:41.031 [main] INFO  testCases.LoginPageTest - application logs started for Login page......
05:12:41.031 [main] INFO  testCases.LoginPageTest - **** starting test case Login test  *****
05:12:41.034 [main] INFO  testCases.LoginPageTest - Clicked on login button
05:12:42.161 [main] INFO  testCases.LoginPageTest - Entered username and password and clicked sign in
05:14:05.549 [main] DEBUG org.testng.TestNG - suiteXmlPath: "C:\Users\utkarsh\WorkSpace\FreeCrmTest\testng.xml"
05:14:05.570 [main] WARN  org.testng.xml.TestNGContentHandler - It is strongly recommended to add "<!DOCTYPE suite SYSTEM "https://testng.org/testng-1.0.dtd" >" at the top of the suite file [C:\Users\utkarsh\WorkSpace\FreeCrmTest\testng.xml] otherwise TestNG may fail or not work as expected.
05:14:05.777 [main] INFO  org.testng.internal.Utils - [TestNG] Running:
  C:\Users\utkarsh\WorkSpace\FreeCrmTest\testng.xml

05:14:29.081 [main] INFO  testCases.LoginPageTest - Page Opened
05:14:29.099 [main] INFO  testCases.LoginPageTest - application logs started for Login page......
05:14:29.099 [main] INFO  testCases.LoginPageTest - **** starting test case Login test  *****
05:14:29.102 [main] INFO  testCases.LoginPageTest - Clicked on login button
05:14:30.237 [main] INFO  testCases.LoginPageTest - Entered username and password and clicked sign in
05:14:31.164 [main] INFO  testCases.LoginPageTest - Page Closed
05:14:53.957 [main] INFO  testCases.LoginPageTest - Page Opened
05:14:53.959 [main] INFO  testCases.LoginPageTest - **** starting test case Login Page Title Test  *****
05:14:54.038 [main] INFO  testCases.LoginPageTest - Title of the page is: STORE
05:14:55.005 [main] INFO  testCases.LoginPageTest - Page Closed
05:17:13.021 [main] DEBUG org.testng.TestNG - suiteXmlPath: "C:\Users\utkarsh\WorkSpace\FreeCrmTest\testng.xml"
05:17:13.039 [main] WARN  org.testng.xml.TestNGContentHandler - It is strongly recommended to add "<!DOCTYPE suite SYSTEM "https://testng.org/testng-1.0.dtd" >" at the top of the suite file [C:\Users\utkarsh\WorkSpace\FreeCrmTest\testng.xml] otherwise TestNG may fail or not work as expected.
05:17:13.250 [main] INFO  org.testng.internal.Utils - [TestNG] Running:
  C:\Users\utkarsh\WorkSpace\FreeCrmTest\testng.xml

05:17:36.804 [main] INFO  testCases.LoginPageTest - Page Opened
05:17:36.814 [main] INFO  testCases.LoginPageTest - application logs started for Login page......
05:17:36.814 [main] INFO  testCases.LoginPageTest - **** starting test case Login test  *****
05:17:36.818 [main] INFO  testCases.LoginPageTest - Clicked on login button
05:17:37.922 [main] INFO  testCases.LoginPageTest - Entered username and password and clicked sign in
05:17:38.962 [main] INFO  testCases.LoginPageTest - Page Closed
05:18:01.472 [main] INFO  testCases.LoginPageTest - Page Opened
05:18:01.475 [main] INFO  testCases.LoginPageTest - **** starting test case Login Page Title Test  *****
05:18:01.517 [main] INFO  testCases.LoginPageTest - Title of the page is: STORE
05:18:01.518 [main] INFO  testCases.LoginPageTest - Expected and Actual Title Matched correctly
05:18:01.518 [main] INFO  testCases.LoginPageTest - **** Finished LoginPageTitleTest  *****
05:18:01.518 [main] INFO  testCases.LoginPageTest - application logs Finished for Login page......
05:18:02.593 [main] INFO  testCases.LoginPageTest - Page Closed
05:21:44.119 [main] DEBUG org.testng.TestNG - suiteXmlPath: "C:\Users\utkarsh\WorkSpace\FreeCrmTest\testng.xml"
05:21:44.136 [main] WARN  org.testng.xml.TestNGContentHandler - It is strongly recommended to add "<!DOCTYPE suite SYSTEM "https://testng.org/testng-1.0.dtd" >" at the top of the suite file [C:\Users\utkarsh\WorkSpace\FreeCrmTest\testng.xml] otherwise TestNG may fail or not work as expected.
05:21:44.348 [main] INFO  org.testng.internal.Utils - [TestNG] Running:
  C:\Users\utkarsh\WorkSpace\FreeCrmTest\testng.xml

05:22:07.539 [main] INFO  testCases.LoginPageTest - Page Opened
05:22:07.547 [main] INFO  testCases.LoginPageTest - application logs started for Login page......
05:22:07.547 [main] INFO  testCases.LoginPageTest - **** starting test case Login test  *****
05:22:07.549 [main] INFO  testCases.LoginPageTest - Clicked on login button
05:22:17.741 [main] INFO  testCases.LoginPageTest - Entered username and password and clicked sign in
